31-03-2019 16:53 -- classe Tools -- méthode ChargerMotifHTML() -- Impossible de trouver une partie du chemin d'accès 'C:\Users\rolan\source\repos\webs\webs\PresentationLayer\MotifsHTML\motifAlcool.html'.
31-03-2019 16:58 -- classe Tools -- méthode ChargerMotifHTML() -- Impossible de trouver une partie du chemin d'accès 'C:\Users\rolan\source\repos\webs\webs\PresentationLayer\MotifsHTML\motifAlcool.html'.
31-03-2019 16:59 -- classe ListerAlcool -- méthode Page_load() -- La référence d'objet n'est pas définie à une instance d'un objet.
31-03-2019 17:03 -- classe ListerAlcool -- méthode Page_load() -- La référence d'objet n'est pas définie à une instance d'un objet.
31-03-2019 17:03 -- classe ListerAlcool -- méthode Page_load() -- La référence d'objet n'est pas définie à une instance d'un objet.
31-03-2019 17:03 -- classe ListerAlcool -- méthode Page_load() -- La référence d'objet n'est pas définie à une instance d'un objet.
31-03-2019 17:04 -- classe ListerAlcool -- méthode Page_load() -- La référence d'objet n'est pas définie à une instance d'un objet.
31-03-2019 17:05 -- classe ListerAlcool -- méthode Page_load() -- La référence d'objet n'est pas définie à une instance d'un objet.
31-03-2019 17:25 -- classe ListerAlcool -- méthode Page_load() -- La référence d'objet n'est pas définie à une instance d'un objet.
31-03-2019 17:32 -- classe ListerAlcool -- méthode Page_load() -- La référence d'objet n'est pas définie à une instance d'un objet.
31-03-2019 17:49 -- classe ListerAlcool -- méthode Page_load() -- La référence d'objet n'est pas définie à une instance d'un objet.
31-03-2019 19:02 -- classe AjouterClient -- méthode Bcontinuer_Click() -- La référence d'objet n'est pas définie à une instance d'un objet.
31-03-2019 19:08 -- classe AjouterClient -- méthode Bcontinuer_Click() -- La référence d'objet n'est pas définie à une instance d'un objet.
02-04-2019 18:13 -- classe ListerAlcool -- méthode Page_load() -- La référence d'objet n'est pas définie à une instance d'un objet.
02-04-2019 18:15 -- classe ListerAlcool -- méthode Page_load() -- La référence d'objet n'est pas définie à une instance d'un objet.
02-04-2019 18:15 -- classe ListerAlcool -- méthode Page_load() -- La référence d'objet n'est pas définie à une instance d'un objet.
02-04-2019 18:15 -- classe ListerAlcool -- méthode Page_load() -- La référence d'objet n'est pas définie à une instance d'un objet.
02-04-2019 18:32 -- classe ListerAlcools -- méthode Page_load() -- Ambiguous column name 'NumArticle'.
Ambiguous column name 'NumArticle'.
Ambiguous column name 'NumArticle'.
02-04-2019 18:33 -- classe ListerAlcools -- méthode Page_load() -- Ambiguous column name 'NumArticle'.
Ambiguous column name 'NumArticle'.
Ambiguous column name 'NumArticle'.
02-04-2019 18:35 -- classe ListerAlcools -- méthode Page_load() -- Ambiguous column name 'NumArticle'.
Ambiguous column name 'NumArticle'.
Ambiguous column name 'NumArticle'.
02-04-2019 18:35 -- classe Problème de connexion -- méthode Bcontinuer_Click() -- Must declare the scalar variable "@email_ctl".
02-04-2019 18:56 -- classe ListerAlcools -- méthode Page_load() -- Ambiguous column name 'NumArticle'.
Ambiguous column name 'NumArticle'.
Ambiguous column name 'NumArticle'.
02-04-2019 18:58 -- classe ListerAlcools -- méthode Page_load() -- Ambiguous column name 'NumArticle'.
Ambiguous column name 'NumArticle'.
Ambiguous column name 'NumArticle'.
02-04-2019 18:59 -- classe ListerAlcools -- méthode Page_load() -- Ambiguous column name 'NumArticle'.
Ambiguous column name 'NumArticle'.
Ambiguous column name 'NumArticle'.
02-04-2019 19:01 -- classe ListerAlcools -- méthode Page_load() -- Ambiguous column name 'NumArticle'.
Ambiguous column name 'NumArticle'.
Ambiguous column name 'NumArticle'.
02-04-2019 19:06 -- classe Problème de connexion -- méthode Bcontinuer_Click() -- Must declare the scalar variable "@email_ctl".
23-04-2019 20:19 -- classe ChargerProduit -- méthode Page_load() -- Could not find stored procedure 'chargerProduit'.
23-04-2019 20:19 -- classe ChargerProduit -- méthode Page_load() -- Could not find stored procedure 'chargerProduit'.
30-04-2019 18:30 -- classe ChargerProduit -- méthode Page_load() -- Could not find stored procedure 'chargerProduit'.
30-04-2019 18:50 -- classe ChargerProduit -- méthode Page_load() -- La référence d'objet n'est pas définie à une instance d'un objet.
30-04-2019 18:56 -- classe ChargerProduit -- méthode Page_load() -- La référence d'objet n'est pas définie à une instance d'un objet.
30-04-2019 19:47 -- classe ChargerProduit -- méthode Page_load() -- La référence d'objet n'est pas définie à une instance d'un objet.
30-04-2019 19:52 -- classe ChargerProduit -- méthode Page_load() -- La référence d'objet n'est pas définie à une instance d'un objet.
30-04-2019 20:07 -- classe ChargerProduit -- méthode Page_load() -- La référence d'objet n'est pas définie à une instance d'un objet.
30-04-2019 20:10 -- classe ChargerProduit -- méthode Page_load() -- La référence d'objet n'est pas définie à une instance d'un objet.
30-04-2019 20:12 -- classe ChargerProduit -- méthode Page_load() -- La référence d'objet n'est pas définie à une instance d'un objet.
30-04-2019 20:22 -- classe ChargerProduit -- méthode Page_load() -- La référence d'objet n'est pas définie à une instance d'un objet.
01-05-2019 17:52 -- classe ChargerProduit -- méthode Page_load() -- La référence d'objet n'est pas définie à une instance d'un objet.
01-05-2019 18:37 -- classe Problème de connexion -- méthode Bcontinuer_Click() -- Could not find stored procedure 'AjouterCommand'.
04-05-2019 18:24 -- classe Problème de connexion -- méthode Bcontinuer_Click() -- The parameterized query '(@idCommande int,@jour char(10),@heure char(5),@idClient decimal' expects the parameter '@montant', which was not supplied.
04-05-2019 18:34 -- classe Problème de connexion -- méthode Bcontinuer_Click() -- The parameterized query '(@idCommande int,@jour char(10),@heure char(5),@idClient decimal' expects the parameter '@montant', which was not supplied.
04-05-2019 18:38 -- classe Problème de connexion -- méthode Bcontinuer_Click() -- The parameterized query '(@idCommande int,@jour char(10),@heure char(5),@montant decimal(' expects the parameter '@livre', which was not supplied.
04-05-2019 18:51 -- classe Problème de connexion -- méthode Bcontinuer_Click() -- Échec de la conversion de la valeur de paramètre d'un String en un Byte[].
04-05-2019 19:13 -- classe ChargerProduit -- méthode Page_load() -- La référence d'objet n'est pas définie à une instance d'un objet.
04-05-2019 19:13 -- classe ChargerProduit -- méthode Page_load() -- La référence d'objet n'est pas définie à une instance d'un objet.
04-05-2019 19:13 -- classe ChargerProduit -- méthode Page_load() -- La référence d'objet n'est pas définie à une instance d'un objet.
04-05-2019 19:13 -- classe ChargerProduit -- méthode Page_load() -- La référence d'objet n'est pas définie à une instance d'un objet.
04-05-2019 19:14 -- classe ChargerProduit -- méthode Page_load() -- La référence d'objet n'est pas définie à une instance d'un objet.
07-05-2019 18:27 -- classe ChargerProduit -- méthode Page_load() -- La référence d'objet n'est pas définie à une instance d'un objet.
07-05-2019 18:37 -- classe ChargerProduit -- méthode Page_load() -- La référence d'objet n'est pas définie à une instance d'un objet.
07-05-2019 18:41 -- classe ChargerProduit -- méthode Page_load() -- La référence d'objet n'est pas définie à une instance d'un objet.
07-05-2019 18:41 -- classe ChargerProduit -- méthode Page_load() -- La référence d'objet n'est pas définie à une instance d'un objet.
07-05-2019 18:41 -- classe ChargerProduit -- méthode Page_load() -- La référence d'objet n'est pas définie à une instance d'un objet.
07-05-2019 18:41 -- classe ChargerProduit -- méthode Page_load() -- La référence d'objet n'est pas définie à une instance d'un objet.
14-05-2019 18:57 -- classe ChargerProduit -- méthode Page_load() -- La référence d'objet n'est pas définie à une instance d'un objet.
14-05-2019 19:00 -- classe ChargerProduit -- méthode Page_load() -- Le format de la chaîne d'entrée est incorrect.
14-05-2019 19:01 -- classe ChargerProduit -- méthode Page_load() -- Le format de la chaîne d'entrée est incorrect.
14-05-2019 19:03 -- classe ChargerProduit -- méthode Page_load() -- La référence d'objet n'est pas définie à une instance d'un objet.
14-05-2019 19:05 -- classe ChargerProduit -- méthode Page_load() -- Le format de la chaîne d'entrée est incorrect.
14-05-2019 19:05 -- classe ChargerProduit -- méthode Page_load() -- Le format de la chaîne d'entrée est incorrect.
14-05-2019 19:14 -- classe ChargerProduit -- méthode Page_load() -- Le format de la chaîne d'entrée est incorrect.
14-05-2019 19:19 -- classe ChargerProduit -- méthode Page_load() -- La référence d'objet n'est pas définie à une instance d'un objet.
14-05-2019 20:20 -- classe ChargerProduit -- méthode Page_load() -- Le format de la chaîne d'entrée est incorrect.
21-05-2019 22:07 -- classe ListerAlcools -- méthode Page_load() -- id
04-06-2019 18:14 -- classe ChargerProduit -- méthode Page_load() -- La référence d'objet n'est pas définie à une instance d'un objet.
04-06-2019 18:22 -- classe ChargerProduit -- méthode Page_load() -- La référence d'objet n'est pas définie à une instance d'un objet.
04-06-2019 18:40 -- classe ListerLigneCom -- méthode Page_load() -- Le format de la chaîne d'entrée est incorrect.
04-06-2019 18:43 -- classe ListerLigneCom -- méthode Page_load() -- Le format de la chaîne d'entrée est incorrect.
04-06-2019 18:48 -- classe ListerLigneCom -- méthode Page_load() -- Le format de la chaîne d'entrée est incorrect.
04-06-2019 19:12 -- classe ListerAlcools -- méthode Page_load() -- Column 'Ligne_Cmd.numCmd' is invalid in the select list because it is not contained in either an aggregate function or the GROUP BY clause.
04-06-2019 19:13 -- classe ListerAlcools -- méthode Page_load() -- Column 'Ligne_Cmd.id' is invalid in the select list because it is not contained in either an aggregate function or the GROUP BY clause.
04-06-2019 19:32 -- classe ListerAlcools -- méthode Page_load() -- Column 'Ligne_Cmd.NumArticle' is invalid in the select list because it is not contained in either an aggregate function or the GROUP BY clause.
04-06-2019 19:33 -- classe ListerAlcools -- méthode Page_load() -- Column 'Ligne_Cmd.NumArticle' is invalid in the select list because it is not contained in either an aggregate function or the GROUP BY clause.
